app/build/intermediates/manifest_merge_blame_file/debug/processDebugMainManifest/manifest-merger-blame-debug-report.txt
1<?xml version="1.0" encoding="utf-8"?>
2<manifest xmlns:android="http://schemas.android.com/apk/res/android"
3    package="com.sirbenhenry.screenguard"
4    android:versionCode="1"
5    android:versionName="1.0.0" >
6
7    <uses-sdk
8        android:minSdkVersion="29"
9        android:targetSdkVersion="35" />
10
11    <!-- Usage stats for tracking time in apps -->
12    <uses-permission android:name="android.permission.PACKAGE_USAGE_STATS" />
12-->src/main/AndroidManifest.xml:6:5-7:47
12-->src/main/AndroidManifest.xml:6:22-75
13
14    <!-- Draw overlay over other apps (cooldown screen) -->
15    <uses-permission android:name="android.permission.SYSTEM_ALERT_WINDOW" />
15-->src/main/AndroidManifest.xml:10:5-78
15-->src/main/AndroidManifest.xml:10:22-75
16
17    <!-- Foreground service for background monitoring -->
18    <uses-permission android:name="android.permission.FOREGROUND_SERVICE" />
18-->src/main/AndroidManifest.xml:13:5-77
18-->src/main/AndroidManifest.xml:13:22-74
19    <uses-permission android:name="android.permission.FOREGROUND_SERVICE_SPECIAL_USE" />
19-->src/main/AndroidManifest.xml:14:5-89
19-->src/main/AndroidManifest.xml:14:22-86
20
21    <!-- Notifications -->
22    <uses-permission android:name="android.permission.POST_NOTIFICATIONS" />
22-->src/main/AndroidManifest.xml:17:5-77
22-->src/main/AndroidManifest.xml:17:22-74
23
24    <!-- Start on boot -->
25    <uses-permission android:name="android.permission.RECEIVE_BOOT_COMPLETED" />
25-->src/main/AndroidManifest.xml:20:5-81
25-->src/main/AndroidManifest.xml:20:22-78
26
27    <!-- Query installed apps -->
28    <uses-permission android:name="android.permission.QUERY_ALL_PACKAGES" />
28-->src/main/AndroidManifest.xml:23:5-24:53
28-->src/main/AndroidManifest.xml:23:22-74
29
30    <!-- Install APK updates -->
31    <uses-permission android:name="android.permission.REQUEST_INSTALL_PACKAGES" />
31-->src/main/AndroidManifest.xml:27:5-83
31-->src/main/AndroidManifest.xml:27:22-80
32
33    <!-- Internet for update checks -->
34    <uses-permission android:name="android.permission.INTERNET" />
34-->src/main/AndroidManifest.xml:30:5-67
34-->src/main/AndroidManifest.xml:30:22-64
35    <uses-permission android:name="android.permission.ACCESS_NETWORK_STATE" />
35-->src/main/AndroidManifest.xml:31:5-79
35-->src/main/AndroidManifest.xml:31:22-76
36
37    <!-- Vibration for alerts -->
38    <uses-permission android:name="android.permission.VIBRATE" />
38-->src/main/AndroidManifest.xml:34:5-66
38-->src/main/AndroidManifest.xml:34:22-63
39    <uses-permission android:name="android.permission.WAKE_LOCK" />
39-->[androidx.work:work-runtime:2.10.0] AndroidManifest.xml:23:5-68
39-->[androidx.work:work-runtime:2.10.0] AndroidManifest.xml:23:22-65
40
41    <permission
41-->[androidx.core:core:1.15.0] AndroidManifest.xml:22:5-24:47
42        android:name="com.sirbenhenry.screenguard.DYNAMIC_RECEIVER_NOT_EXPORTED_PERMISSION"
42-->[androidx.core:core:1.15.0] AndroidManifest.xml:23:9-81
43        android:protectionLevel="signature" />
43-->[androidx.core:core:1.15.0] AndroidManifest.xml:24:9-44
44
45    <uses-permission android:name="com.sirbenhenry.screenguard.DYNAMIC_RECEIVER_NOT_EXPORTED_PERMISSION" />
45-->[androidx.core:core:1.15.0] AndroidManifest.xml:26:5-97
45-->[androidx.core:core:1.15.0] AndroidManifest.xml:26:22-94
46
47    <application
47-->src/main/AndroidManifest.xml:36:5-119:19
48        android:name="com.sirbenhenry.screenguard.ScreenGuardApp"
48-->src/main/AndroidManifest.xml:37:9-39
49        android:allowBackup="true"
49-->src/main/AndroidManifest.xml:38:9-35
50        android:appComponentFactory="androidx.core.app.CoreComponentFactory"
50-->[androidx.core:core:1.15.0] AndroidManifest.xml:28:18-86
51        android:debuggable="true"
52        android:extractNativeLibs="false"
53        android:icon="@mipmap/ic_launcher"
53-->src/main/AndroidManifest.xml:39:9-43
54        android:label="@string/app_name"
54-->src/main/AndroidManifest.xml:41:9-41
55        android:roundIcon="@mipmap/ic_launcher_round"
55-->src/main/AndroidManifest.xml:40:9-54
56        android:supportsRtl="true"
56-->src/main/AndroidManifest.xml:42:9-35
57        android:theme="@style/Theme.ScreenGuard" >
57-->src/main/AndroidManifest.xml:43:9-49
58        <activity
58-->src/main/AndroidManifest.xml:45:9-53:20
59            android:name="com.sirbenhenry.screenguard.MainActivity"
59-->src/main/AndroidManifest.xml:46:13-41
60            android:exported="true"
60-->src/main/AndroidManifest.xml:47:13-36
61            android:launchMode="singleTop" >
61-->src/main/AndroidManifest.xml:48:13-43
62            <intent-filter>
62-->src/main/AndroidManifest.xml:49:13-52:29
63                <action android:name="android.intent.action.MAIN" />
63-->src/main/AndroidManifest.xml:50:17-69
63-->src/main/AndroidManifest.xml:50:25-66
64
65                <category android:name="android.intent.category.LAUNCHER" />
65-->src/main/AndroidManifest.xml:51:17-77
65-->src/main/AndroidManifest.xml:51:27-74
66            </intent-filter>
67        </activity>
68
69        <!-- Cooldown overlay shown over monitored apps -->
70        <activity
70-->src/main/AndroidManifest.xml:56:9-63:48
71            android:name="com.sirbenhenry.screenguard.ui.overlay.CooldownActivity"
71-->src/main/AndroidManifest.xml:57:13-56
72            android:excludeFromRecents="true"
72-->src/main/AndroidManifest.xml:61:13-46
73            android:exported="false"
73-->src/main/AndroidManifest.xml:58:13-37
74            android:launchMode="singleTask"
74-->src/main/AndroidManifest.xml:60:13-44
75            android:showOnLockScreen="false"
75-->src/main/AndroidManifest.xml:63:13-45
76            android:taskAffinity=".cooldown"
76-->src/main/AndroidManifest.xml:62:13-45
77            android:theme="@style/Theme.ScreenGuard.Overlay" />
77-->src/main/AndroidManifest.xml:59:13-61
78
79        <!-- Limit reached overlay -->
80        <activity
80-->src/main/AndroidManifest.xml:66:9-72:52
81            android:name="com.sirbenhenry.screenguard.ui.overlay.LimitReachedActivity"
81-->src/main/AndroidManifest.xml:67:13-60
82            android:excludeFromRecents="true"
82-->src/main/AndroidManifest.xml:71:13-46
83            android:exported="false"
83-->src/main/AndroidManifest.xml:68:13-37
84            android:launchMode="singleTask"
84-->src/main/AndroidManifest.xml:70:13-44
85            android:taskAffinity=".limitreached"
85-->src/main/AndroidManifest.xml:72:13-49
86            android:theme="@style/Theme.ScreenGuard.Overlay" />
86-->src/main/AndroidManifest.xml:69:13-61
87
88        <!-- Accessibility service: detects app launches -->
89        <service
89-->src/main/AndroidManifest.xml:75:9-86:19
90            android:name="com.sirbenhenry.screenguard.service.ScreenGuardAccessibilityService"
90-->src/main/AndroidManifest.xml:76:13-68
91            android:exported="true"
91-->src/main/AndroidManifest.xml:77:13-36
92            android:label="@string/accessibility_service_label"
92-->src/main/AndroidManifest.xml:78:13-64
93            android:permission="android.permission.BIND_ACCESSIBILITY_SERVICE" >
93-->src/main/AndroidManifest.xml:79:13-79
94            <intent-filter>
94-->src/main/AndroidManifest.xml:80:13-82:29
95                <action android:name="android.accessibilityservice.AccessibilityService" />
95-->src/main/AndroidManifest.xml:81:17-92
95-->src/main/AndroidManifest.xml:81:25-89
96            </intent-filter>
97
98            <meta-data
98-->src/main/AndroidManifest.xml:83:13-85:72
99                android:name="android.accessibilityservice"
99-->src/main/AndroidManifest.xml:84:17-60
100                android:resource="@xml/accessibility_service_config" />
100-->src/main/AndroidManifest.xml:85:17-69
101        </service>
102
103        <!-- Foreground service: background usage monitoring -->
104        <service
104-->src/main/AndroidManifest.xml:89:9-96:19
105            android:name="com.sirbenhenry.screenguard.service.UsageMonitorService"
105-->src/main/AndroidManifest.xml:90:13-56
106            android:exported="false"
106-->src/main/AndroidManifest.xml:91:13-37
107            android:foregroundServiceType="specialUse" >
107-->src/main/AndroidManifest.xml:92:13-55
108            <property
108-->src/main/AndroidManifest.xml:93:13-95:58
109                android:name="android.app.PROPERTY_SPECIAL_USE_FGS_SUBTYPE"
109-->src/main/AndroidManifest.xml:94:17-76
110                android:value="Screen time monitoring" />
110-->src/main/AndroidManifest.xml:95:17-55
111        </service>
112
113        <!-- Boot receiver -->
114        <receiver
114-->src/main/AndroidManifest.xml:99:9-106:20
115            android:name="com.sirbenhenry.screenguard.receiver.BootReceiver"
115-->src/main/AndroidManifest.xml:100:13-50
116            android:exported="true" >
116-->src/main/AndroidManifest.xml:101:13-36
117            <intent-filter>
117-->src/main/AndroidManifest.xml:102:13-105:29
118                <action android:name="android.intent.action.BOOT_COMPLETED" />
118-->src/main/AndroidManifest.xml:103:17-79
118-->src/main/AndroidManifest.xml:103:25-76
119                <action android:name="android.intent.action.MY_PACKAGE_REPLACED" />
119-->src/main/AndroidManifest.xml:104:17-84
119-->src/main/AndroidManifest.xml:104:25-81
120            </intent-filter>
121        </receiver>
122
123        <!-- Provider for APK install -->
124        <provider
125            android:name="androidx.core.content.FileProvider"
125-->src/main/AndroidManifest.xml:110:13-62
126            android:authorities="com.sirbenhenry.screenguard.fileprovider"
126-->src/main/AndroidManifest.xml:111:13-64
127            android:exported="false"
127-->src/main/AndroidManifest.xml:112:13-37
128            android:grantUriPermissions="true" >
128-->src/main/AndroidManifest.xml:113:13-47
129            <meta-data
129-->src/main/AndroidManifest.xml:114:13-116:54
130                android:name="android.support.FILE_PROVIDER_PATHS"
130-->src/main/AndroidManifest.xml:115:17-67
131                android:resource="@xml/file_paths" />
131-->src/main/AndroidManifest.xml:116:17-51
132        </provider>
133        <provider
133-->[androidx.work:work-runtime:2.10.0] AndroidManifest.xml:29:9-37:20
134            android:name="androidx.startup.InitializationProvider"
134-->[androidx.work:work-runtime:2.10.0] AndroidManifest.xml:30:13-67
135            android:authorities="com.sirbenhenry.screenguard.androidx-startup"
135-->[androidx.work:work-runtime:2.10.0] AndroidManifest.xml:31:13-68
136            android:exported="false" >
136-->[androidx.work:work-runtime:2.10.0] AndroidManifest.xml:32:13-37
137            <meta-data
137-->[androidx.work:work-runtime:2.10.0] AndroidManifest.xml:34:13-36:52
138                android:name="androidx.work.WorkManagerInitializer"
138-->[androidx.work:work-runtime:2.10.0] AndroidManifest.xml:35:17-68
139                android:value="androidx.startup" />
139-->[androidx.work:work-runtime:2.10.0] AndroidManifest.xml:36:17-49
140            <meta-data
140-->[androidx.emoji2:emoji2:1.3.0] AndroidManifest.xml:29:13-31:52
141                android:name="androidx.emoji2.text.EmojiCompatInitializer"
141-->[androidx.emoji2:emoji2:1.3.0] AndroidManifest.xml:30:17-75
142                android:value="androidx.startup" />
142-->[androidx.emoji2:emoji2:1.3.0] AndroidManifest.xml:31:17-49
143            <meta-data
143-->[androidx.lifecycle:lifecycle-process:2.8.7] AndroidManifest.xml:29:13-31:52
144                android:name="androidx.lifecycle.ProcessLifecycleInitializer"
144-->[androidx.lifecycle:lifecycle-process:2.8.7] AndroidManifest.xml:30:17-78
145                android:value="androidx.startup" />
145-->[androidx.lifecycle:lifecycle-process:2.8.7] AndroidManifest.xml:31:17-49
146            <meta-data
146-->[androidx.profileinstaller:profileinstaller:1.3.1] AndroidManifest.xml:29:13-31:52
147                android:name="androidx.profileinstaller.ProfileInstallerInitializer"
147-->[androidx.profileinstaller:profileinstaller:1.3.1] AndroidManifest.xml:30:17-85
148                android:value="androidx.startup" />
148-->[androidx.profileinstaller:profileinstaller:1.3.1] AndroidManifest.xml:31:17-49
149        </provider>
150
151        <service
151-->[androidx.work:work-runtime:2.10.0] AndroidManifest.xml:39:9-45:35
152            android:name="androidx.work.impl.background.systemalarm.SystemAlarmService"
152-->[androidx.work:work-runtime:2.10.0] AndroidManifest.xml:40:13-88
153            android:directBootAware="false"
153-->[androidx.work:work-runtime:2.10.0] AndroidManifest.xml:41:13-44
154            android:enabled="@bool/enable_system_alarm_service_default"
154-->[androidx.work:work-runtime:2.10.0] AndroidManifest.xml:42:13-72
155            android:exported="false" />
155-->[androidx.work:work-runtime:2.10.0] AndroidManifest.xml:43:13-37
156        <service
156-->[androidx.work:work-runtime:2.10.0] AndroidManifest.xml:46:9-52:35
157            android:name="androidx.work.impl.background.systemjob.SystemJobService"
157-->[androidx.work:work-runtime:2.10.0] AndroidManifest.xml:47:13-84
158            android:directBootAware="false"
158-->[androidx.work:work-runtime:2.10.0] AndroidManifest.xml:48:13-44
159            android:enabled="@bool/enable_system_job_service_default"
159-->[androidx.work:work-runtime:2.10.0] AndroidManifest.xml:49:13-70
160            android:exported="true"
160-->[androidx.work:work-runtime:2.10.0] AndroidManifest.xml:50:13-36
161            android:permission="android.permission.BIND_JOB_SERVICE" />
161-->[androidx.work:work-runtime:2.10.0] AndroidManifest.xml:51:13-69
162        <service
162-->[androidx.work:work-runtime:2.10.0] AndroidManifest.xml:53:9-59:35
163            android:name="androidx.work.impl.foreground.SystemForegroundService"
163-->[androidx.work:work-runtime:2.10.0] AndroidManifest.xml:54:13-81
164            android:directBootAware="false"
164-->[androidx.work:work-runtime:2.10.0] AndroidManifest.xml:55:13-44
165            android:enabled="@bool/enable_system_foreground_service_default"
165-->[androidx.work:work-runtime:2.10.0] AndroidManifest.xml:56:13-77
166            android:exported="false" />
166-->[androidx.work:work-runtime:2.10.0] AndroidManifest.xml:57:13-37
167
168        <receiver
168-->[androidx.work:work-runtime:2.10.0] AndroidManifest.xml:61:9-66:35
169            android:name="androidx.work.impl.utils.ForceStopRunnable$BroadcastReceiver"
169-->[androidx.work:work-runtime:2.10.0] AndroidManifest.xml:62:13-88
170            android:directBootAware="false"
170-->[androidx.work:work-runtime:2.10.0] AndroidManifest.xml:63:13-44
171            android:enabled="true"
171-->[androidx.work:work-runtime:2.10.0] AndroidManifest.xml:64:13-35
172            android:exported="false" />
172-->[androidx.work:work-runtime:2.10.0] AndroidManifest.xml:65:13-37
173        <receiver
173-->[androidx.work:work-runtime:2.10.0] AndroidManifest.xml:67:9-77:20
174            android:name="androidx.work.impl.background.systemalarm.ConstraintProxy$BatteryChargingProxy"
174-->[androidx.work:work-runtime:2.10.0] AndroidManifest.xml:68:13-106
175            android:directBootAware="false"
175-->[androidx.work:work-runtime:2.10.0] AndroidManifest.xml:69:13-44
176            android:enabled="false"
176-->[androidx.work:work-runtime:2.10.0] AndroidManifest.xml:70:13-36
177            android:exported="false" >
177-->[androidx.work:work-runtime:2.10.0] AndroidManifest.xml:71:13-37
178            <intent-filter>
178-->[androidx.work:work-runtime:2.10.0] AndroidManifest.xml:73:13-76:29
179                <action android:name="android.intent.action.ACTION_POWER_CONNECTED" />
179-->[androidx.work:work-runtime:2.10.0] AndroidManifest.xml:74:17-87
179-->[androidx.work:work-runtime:2.10.0] AndroidManifest.xml:74:25-84
180                <action android:name="android.intent.action.ACTION_POWER_DISCONNECTED" />
180-->[androidx.work:work-runtime:2.10.0] AndroidManifest.xml:75:17-90
180-->[androidx.work:work-runtime:2.10.0] AndroidManifest.xml:75:25-87
181            </intent-filter>
182        </receiver>
183        <receiver
183-->[androidx.work:work-runtime:2.10.0] AndroidManifest.xml:78:9-88:20
184            android:name="androidx.work.impl.background.systemalarm.ConstraintProxy$BatteryNotLowProxy"
184-->[androidx.work:work-runtime:2.10.0] AndroidManifest.xml:79:13-104
185            android:directBootAware="false"
185-->[androidx.work:work-runtime:2.10.0] AndroidManifest.xml:80:13-44
186            android:enabled="false"
186-->[androidx.work:work-runtime:2.10.0] AndroidManifest.xml:81:13-36
187            android:exported="false" >
187-->[androidx.work:work-runtime:2.10.0] AndroidManifest.xml:82:13-37
188            <intent-filter>
188-->[androidx.work:work-runtime:2.10.0] AndroidManifest.xml:84:13-87:29
189                <action android:name="android.intent.action.BATTERY_OKAY" />
189-->[androidx.work:work-runtime:2.10.0] AndroidManifest.xml:85:17-77
189-->[androidx.work:work-runtime:2.10.0] AndroidManifest.xml:85:25-74
190                <action android:name="android.intent.action.BATTERY_LOW" />
190-->[androidx.work:work-runtime:2.10.0] AndroidManifest.xml:86:17-76
190-->[androidx.work:work-runtime:2.10.0] AndroidManifest.xml:86:25-73
191            </intent-filter>
192        </receiver>
193        <receiver
193-->[androidx.work:work-runtime:2.10.0] AndroidManifest.xml:89:9-99:20
194            android:name="androidx.work.impl.background.systemalarm.ConstraintProxy$StorageNotLowProxy"
194-->[androidx.work:work-runtime:2.10.0] AndroidManifest.xml:90:13-104
195            android:directBootAware="false"
195-->[androidx.work:work-runtime:2.10.0] AndroidManifest.xml:91:13-44
196            android:enabled="false"
196-->[androidx.work:work-runtime:2.10.0] AndroidManifest.xml:92:13-36
197            android:exported="false" >
197-->[androidx.work:work-runtime:2.10.0] AndroidManifest.xml:93:13-37
198            <intent-filter>
198-->[androidx.work:work-runtime:2.10.0] AndroidManifest.xml:95:13-98:29
199                <action android:name="android.intent.action.DEVICE_STORAGE_LOW" />
199-->[androidx.work:work-runtime:2.10.0] AndroidManifest.xml:96:17-83
199-->[androidx.work:work-runtime:2.10.0] AndroidManifest.xml:96:25-80
200                <action android:name="android.intent.action.DEVICE_STORAGE_OK" />
200-->[androidx.work:work-runtime:2.10.0] AndroidManifest.xml:97:17-82
200-->[androidx.work:work-runtime:2.10.0] AndroidManifest.xml:97:25-79
201            </intent-filter>
202        </receiver>
203        <receiver
203-->[androidx.work:work-runtime:2.10.0] AndroidManifest.xml:100:9-109:20
204            android:name="androidx.work.impl.background.systemalarm.ConstraintProxy$NetworkStateProxy"
204-->[androidx.work:work-runtime:2.10.0] AndroidManifest.xml:101:13-103
205            android:directBootAware="false"
205-->[androidx.work:work-runtime:2.10.0] AndroidManifest.xml:102:13-44
206            android:enabled="false"
206-->[androidx.work:work-runtime:2.10.0] AndroidManifest.xml:103:13-36
207            android:exported="false" >
207-->[androidx.work:work-runtime:2.10.0] AndroidManifest.xml:104:13-37
208            <intent-filter>
208-->[androidx.work:work-runtime:2.10.0] AndroidManifest.xml:106:13-108:29
209                <action android:name="android.net.conn.CONNECTIVITY_CHANGE" />
209-->[androidx.work:work-runtime:2.10.0] AndroidManifest.xml:107:17-79
209-->[androidx.work:work-runtime:2.10.0] AndroidManifest.xml:107:25-76
210            </intent-filter>
211        </receiver>
212        <receiver
212-->[androidx.work:work-runtime:2.10.0] AndroidManifest.xml:110:9-121:20
213            android:name="androidx.work.impl.background.systemalarm.RescheduleReceiver"
213-->[androidx.work:work-runtime:2.10.0] AndroidManifest.xml:111:13-88
214            android:directBootAware="false"
214-->[androidx.work:work-runtime:2.10.0] AndroidManifest.xml:112:13-44
215            android:enabled="false"
215-->[androidx.work:work-runtime:2.10.0] AndroidManifest.xml:113:13-36
216            android:exported="false" >
216-->[androidx.work:work-runtime:2.10.0] AndroidManifest.xml:114:13-37
217            <intent-filter>
217-->[androidx.work:work-runtime:2.10.0] AndroidManifest.xml:116:13-120:29
218                <action android:name="android.intent.action.BOOT_COMPLETED" />
218-->src/main/AndroidManifest.xml:103:17-79
218-->src/main/AndroidManifest.xml:103:25-76
219                <action android:name="android.intent.action.TIME_SET" />
219-->[androidx.work:work-runtime:2.10.0] AndroidManifest.xml:118:17-73
219-->[androidx.work:work-runtime:2.10.0] AndroidManifest.xml:118:25-70
220                <action android:name="android.intent.action.TIMEZONE_CHANGED" />
220-->[androidx.work:work-runtime:2.10.0] AndroidManifest.xml:119:17-81
220-->[androidx.work:work-runtime:2.10.0] AndroidManifest.xml:119:25-78
221            </intent-filter>
222        </receiver>
223        <receiver
223-->[androidx.work:work-runtime:2.10.0] AndroidManifest.xml:122:9-131:20
224            android:name="androidx.work.impl.background.systemalarm.ConstraintProxyUpdateReceiver"
224-->[androidx.work:work-runtime:2.10.0] AndroidManifest.xml:123:13-99
225            android:directBootAware="false"
225-->[androidx.work:work-runtime:2.10.0] AndroidManifest.xml:124:13-44
226            android:enabled="@bool/enable_system_alarm_service_default"
226-->[androidx.work:work-runtime:2.10.0] AndroidManifest.xml:125:13-72
227            android:exported="false" >
227-->[androidx.work:work-runtime:2.10.0] AndroidManifest.xml:126:13-37
228            <intent-filter>
228-->[androidx.work:work-runtime:2.10.0] AndroidManifest.xml:128:13-130:29
229                <action android:name="androidx.work.impl.background.systemalarm.UpdateProxies" />
229-->[androidx.work:work-runtime:2.10.0] AndroidManifest.xml:129:17-98
229-->[androidx.work:work-runtime:2.10.0] AndroidManifest.xml:129:25-95
230            </intent-filter>
231        </receiver>
232        <receiver
232-->[androidx.work:work-runtime:2.10.0] AndroidManifest.xml:132:9-142:20
233            android:name="androidx.work.impl.diagnostics.DiagnosticsReceiver"
233-->[androidx.work:work-runtime:2.10.0] AndroidManifest.xml:133:13-78
234            android:directBootAware="false"
234-->[androidx.work:work-runtime:2.10.0] AndroidManifest.xml:134:13-44
235            android:enabled="true"
235-->[androidx.work:work-runtime:2.10.0] AndroidManifest.xml:135:13-35
236            android:exported="true"
236-->[androidx.work:work-runtime:2.10.0] AndroidManifest.xml:136:13-36
237            android:permission="android.permission.DUMP" >
237-->[androidx.work:work-runtime:2.10.0] AndroidManifest.xml:137:13-57
238            <intent-filter>
238-->[androidx.work:work-runtime:2.10.0] AndroidManifest.xml:139:13-141:29
239                <action android:name="androidx.work.diagnostics.REQUEST_DIAGNOSTICS" />
239-->[androidx.work:work-runtime:2.10.0] AndroidManifest.xml:140:17-88
239-->[androidx.work:work-runtime:2.10.0] AndroidManifest.xml:140:25-85
240            </intent-filter>
241        </receiver>
242
243        <activity
243-->[androidx.compose.ui:ui-tooling-android:1.7.6] AndroidManifest.xml:23:9-25:39
244            android:name="androidx.compose.ui.tooling.PreviewActivity"
244-->[androidx.compose.ui:ui-tooling-android:1.7.6] AndroidManifest.xml:24:13-71
245            android:exported="true" />
245-->[androidx.compose.ui:ui-tooling-android:1.7.6] AndroidManifest.xml:25:13-36
246
247        <service
247-->[androidx.room:room-runtime:2.6.1] AndroidManifest.xml:24:9-28:63
248            android:name="androidx.room.MultiInstanceInvalidationService"
248-->[androidx.room:room-runtime:2.6.1] AndroidManifest.xml:25:13-74
249            android:directBootAware="true"
249-->[androidx.room:room-runtime:2.6.1] AndroidManifest.xml:26:13-43
250            android:exported="false" />
250-->[androidx.room:room-runtime:2.6.1] AndroidManifest.xml:27:13-37
251
252        <receiver
252-->[androidx.profileinstaller:profileinstaller:1.3.1] AndroidManifest.xml:34:9-52:20
253            android:name="androidx.profileinstaller.ProfileInstallReceiver"
253-->[androidx.profileinstaller:profileinstaller:1.3.1] AndroidManifest.xml:35:13-76
254            android:directBootAware="false"
254-->[androidx.profileinstaller:profileinstaller:1.3.1] AndroidManifest.xml:36:13-44
255            android:enabled="true"
255-->[androidx.profileinstaller:profileinstaller:1.3.1] AndroidManifest.xml:37:13-35
256            android:exported="true"
256-->[androidx.profileinstaller:profileinstaller:1.3.1] AndroidManifest.xml:38:13-36
257            android:permission="android.permission.DUMP" >
257-->[androidx.profileinstaller:profileinstaller:1.3.1] AndroidManifest.xml:39:13-57
258            <intent-filter>
258-->[androidx.profileinstaller:profileinstaller:1.3.1] AndroidManifest.xml:40:13-42:29
259                <action android:name="androidx.profileinstaller.action.INSTALL_PROFILE" />
259-->[androidx.profileinstaller:profileinstaller:1.3.1] AndroidManifest.xml:41:17-91
259-->[androidx.profileinstaller:profileinstaller:1.3.1] AndroidManifest.xml:41:25-88
260            </intent-filter>
261            <intent-filter>
261-->[androidx.profileinstaller:profileinstaller:1.3.1] AndroidManifest.xml:43:13-45:29
262                <action android:name="androidx.profileinstaller.action.SKIP_FILE" />
262-->[androidx.profileinstaller:profileinstaller:1.3.1] AndroidManifest.xml:44:17-85
262-->[androidx.profileinstaller:profileinstaller:1.3.1] AndroidManifest.xml:44:25-82
263            </intent-filter>
264            <intent-filter>
264-->[androidx.profileinstaller:profileinstaller:1.3.1] AndroidManifest.xml:46:13-48:29
265                <action android:name="androidx.profileinstaller.action.SAVE_PROFILE" />
265-->[androidx.profileinstaller:profileinstaller:1.3.1] AndroidManifest.xml:47:17-88
265-->[androidx.profileinstaller:profileinstaller:1.3.1] AndroidManifest.xml:47:25-85
266            </intent-filter>
267            <intent-filter>
267-->[androidx.profileinstaller:profileinstaller:1.3.1] AndroidManifest.xml:49:13-51:29
268                <action android:name="androidx.profileinstaller.action.BENCHMARK_OPERATION" />
268-->[androidx.profileinstaller:profileinstaller:1.3.1] AndroidManifest.xml:50:17-95
268-->[androidx.profileinstaller:profileinstaller:1.3.1] AndroidManifest.xml:50:25-92
269            </intent-filter>
270        </receiver>
271    </application>
272
273</manifest>